# JRE version: Java(TM) SE Runtime Environment (8.0_05-b13) (build 1.8.0_05-b13)
# Java VM: Java HotSpot(TM) 64-Bit Server VM (25.5-b02 mixed mode bsd-amd64 compressed oops)
Heap:
 PSYoungGen      total 12800K, used 822K [0x000000076ab00000, 0x000000076ba00000, 0x00000007c0000000)
  eden space 10240K, 5% used [0x000000076ab00000,0x000000076ab8da20,0x000000076b500000)
  from space 2560K, 10% used [0x000000076b500000,0x000000076b540000,0x000000076b780000)
  to   space 2560K, 0% used [0x000000076b780000,0x000000076b780000,0x000000076ba00000)
 ParOldGen       total 260608K, used 21692K [0x00000006c0000000, 0x00000006cfe80000, 0x000000076ab00000)
  object space 260608K, 8% used [0x00000006c0000000,0x00000006c152f1e0,0x00000006cfe80000)
 Metaspace       used 15930K, capacity 16094K, committed 16256K, reserved 1062912K
  class space    used 2117K, capacity 2154K, committed 2176K, reserved 1048576K
GC Heap History (10 events):
Event: 1.341 GC heap before
{Heap before GC invocations=9 (full 0):
 PSYoungGen      total 5120K, used 5120K [0x000000076ab00000, 0x000000076b300000, 0x00000007c0000000)
  eden space 3584K, 100% used [0x000000076ab00000,0x000000076ae80000,0x000000076ae80000)
  from space 1536K, 100% used [0x000000076b080000,0x000000076b200000,0x000000076b200000)
  to   space 2048K, 0% used [0x000000076ae80000,0x000000076ae80000,0x000000076b080000)
 ParOldGen       total 260608K, used 1904K [0x00000006c0000000, 0x00000006cfe80000, 0x000000076ab00000)
  object space 260608K, 0% used [0x00000006c0000000,0x00000006c01dc1f8,0x00000006cfe80000)
 Metaspace       used 13535K, capacity 13736K, committed 14080K, reserved 1060864K
  class space    used 1853K, capacity 1923K, committed 2048K, reserved 1048576K
Event: 1.345 GC heap after
Heap after GC invocations=9 (full 0):
 PSYoungGen      total 5632K, used 2048K [0x000000076ab00000, 0x000000076b600000, 0x00000007c0000000)
  eden space 3584K, 0% used [0x000000076ab00000,0x000000076ab00000,0x000000076ae80000)
  from space 2048K, 100% used [0x000000076ae80000,0x000000076b080000,0x000000076b080000)
  to   space 2560K, 0% used [0x000000076b380000,0x000000076b380000,0x000000076b600000)
 ParOldGen       total 260608K, used 2168K [0x00000006c0000000, 0x00000006cfe80000, 0x000000076ab00000)
  object space 260608K, 0% used [0x00000006c0000000,0x00000006c021e1f8,0x00000006cfe80000)
 Metaspace       used 13535K, capacity 13736K, committed 14080K, reserved 1060864K
  class space    used 1853K, capacity 1923K, committed 2048K, reserved 1048576K
}
Event: 18.239 GC heap before
{Heap before GC invocations=10 (full 0):
 PSYoungGen      total 5632K, used 5632K [0x000000076ab00000, 0x000000076b600000, 0x00000007c0000000)
  eden space 3584K, 100% used [0x000000076ab00000,0x000000076ae80000,0x000000076ae80000)
  from space 2048K, 100% used [0x000000076ae80000,0x000000076b080000,0x000000076b080000)
  to   space 2560K, 0% used [0x000000076b380000,0x000000076b380000,0x000000076b600000)
 ParOldGen       total 260608K, used 8486K [0x00000006c0000000, 0x00000006cfe80000, 0x000000076ab00000)
  object space 260608K, 3% used [0x00000006c0000000,0x00000006c0849888,0x00000006cfe80000)
 Metaspace       used 15060K, capacity 15248K, committed 15488K, reserved 1062912K
  class space    used 2042K, capacity 2085K, committed 2176K, reserved 1048576K
Event: 18.242 GC heap after
Heap after GC invocations=10 (full 0):
 PSYoungGen      total 8704K, used 2175K [0x000000076ab00000, 0x000000076b600000, 0x00000007c0000000)
  eden space 6144K, 0% used [0x000000076ab00000,0x000000076ab00000,0x000000076b100000)
  from space 2560K, 84% used [0x000000076b380000,0x000000076b59fe48,0x000000076b600000)
  to   space 2560K, 0% used [0x000000076b100000,0x000000076b100000,0x000000076b380000)
 ParOldGen       total 260608K, used 11433K [0x00000006c0000000, 0x00000006cfe80000, 0x000000076ab00000)
  object space 260608K, 4% used [0x00000006c0000000,0x00000006c0b2a6b8,0x00000006cfe80000)
 Metaspace       used 15060K, capacity 15248K, committed 15488K, reserved 1062912K
  class space    used 2042K, capacity 2085K, committed 2176K, reserved 1048576K
}
Event: 39.500 GC heap before
{Heap before GC invocations=11 (full 0):
 PSYoungGen      total 8704K, used 8319K [0x000000076ab00000, 0x000000076b600000, 0x00000007c0000000)
  eden space 6144K, 100% used [0x000000076ab00000,0x000000076b100000,0x000000076b100000)
  from space 2560K, 84% used [0x000000076b380000,0x000000076b59fe48,0x000000076b600000)
  to   space 2560K, 0% used [0x000000076b100000,0x000000076b100000,0x000000076b380000)
 ParOldGen       total 260608K, used 11433K [0x00000006c0000000, 0x00000006cfe80000, 0x000000076ab00000)
  object space 260608K, 4% used [0x00000006c0000000,0x00000006c0b2a6b8,0x00000006cfe80000)
 Metaspace       used 15735K, capacity 15902K, committed 16256K, reserved 1062912K
  class space    used 2101K, capacity 2154K, committed 2176K, reserved 1048576K
Event: 39.503 GC heap after
Heap after GC invocations=11 (full 0):
 PSYoungGen      total 8704K, used 320K [0x000000076ab00000, 0x000000076ba00000, 0x00000007c0000000)
  eden space 6144K, 0% used [0x000000076ab00000,0x000000076ab00000,0x000000076b100000)
  from space 2560K, 12% used [0x000000076b100000,0x000000076b150000,0x000000076b380000)
  to   space 2560K, 0% used [0x000000076b780000,0x000000076b780000,0x000000076ba00000)
 ParOldGen       total 260608K, used 15093K [0x00000006c0000000, 0x00000006cfe80000, 0x000000076ab00000)
  object space 260608K, 5% used [0x00000006c0000000,0x00000006c0ebd658,0x00000006cfe80000)
 Metaspace       used 15735K, capacity 15902K, committed 16256K, reserved 1062912K
  class space    used 2101K, capacity 2154K, committed 2176K, reserved 1048576K
}
Event: 50.133 GC heap before
{Heap before GC invocations=12 (full 0):
 PSYoungGen      total 8704K, used 6464K [0x000000076ab00000, 0x000000076ba00000, 0x00000007c0000000)
  eden space 6144K, 100% used [0x000000076ab00000,0x000000076b100000,0x000000076b100000)
  from space 2560K, 12% used [0x000000076b100000,0x000000076b150000,0x000000076b380000)
  to   space 2560K, 0% used [0x000000076b780000,0x000000076b780000,0x000000076ba00000)
 ParOldGen       total 260608K, used 21411K [0x00000006c0000000, 0x00000006cfe80000, 0x000000076ab00000)
  object space 260608K, 8% used [0x00000006c0000000,0x00000006c14e8ce8,0x00000006cfe80000)
 Metaspace       used 15892K, capacity 16094K, committed 16256K, reserved 1062912K
  class space    used 2117K, capacity 2154K, committed 2176K, reserved 1048576K
Event: 50.134 GC heap after
Heap after GC invocations=12 (full 0):
 PSYoungGen      total 12800K, used 320K [0x000000076ab00000, 0x000000076ba00000, 0x00000007c0000000)
  eden space 10240K, 0% used [0x000000076ab00000,0x000000076ab00000,0x000000076b500000)
  from space 2560K, 12% used [0x000000076b780000,0x000000076b7d0000,0x000000076ba00000)
  to   space 2560K, 0% used [0x000000076b500000,0x000000076b500000,0x000000076b780000)
 ParOldGen       total 260608K, used 21588K [0x00000006c0000000, 0x00000006cfe80000, 0x000000076ab00000)
  object space 260608K, 8% used [0x00000006c0000000,0x00000006c15151e0,0x00000006cfe80000)
 Metaspace       used 15892K, capacity 16094K, committed 16256K, reserved 1062912K
  class space    used 2117K, capacity 2154K, committed 2176K, reserved 1048576K
}
Event: 56.056 GC heap before
{Heap before GC invocations=13 (full 0):
 PSYoungGen      total 12800K, used 10560K [0x000000076ab00000, 0x000000076ba00000, 0x00000007c0000000)
  eden space 10240K, 100% used [0x000000076ab00000,0x000000076b500000,0x000000076b500000)
  from space 2560K, 12% used [0x000000076b780000,0x000000076b7d0000,0x000000076ba00000)
  to   space 2560K, 0% used [0x000000076b500000,0x000000076b500000,0x000000076b780000)
 ParOldGen       total 260608K, used 21588K [0x00000006c0000000, 0x00000006cfe80000, 0x000000076ab00000)
  object space 260608K, 8% used [0x00000006c0000000,0x00000006c15151e0,0x00000006cfe80000)
 Metaspace       used 15920K, capacity 16094K, committed 16256K, reserved 1062912K
  class space    used 2117K, capacity 2154K, committed 2176K, reserved 1048576K
Event: 56.057 GC heap after
Heap after GC invocations=13 (full 0):
 PSYoungGen      total 12800K, used 256K [0x000000076ab00000, 0x000000076ba00000, 0x00000007c0000000)
  eden space 10240K, 0% used [0x000000076ab00000,0x000000076ab00000,0x000000076b500000)
  from space 2560K, 10% used [0x000000076b500000,0x000000076b540000,0x000000076b780000)
  to   space 2560K, 0% used [0x000000076b780000,0x000000076b780000,0x000000076ba00000)
 ParOldGen       total 260608K, used 21692K [0x00000006c0000000, 0x00000006cfe80000, 0x000000076ab00000)
  object space 260608K, 8% used [0x00000006c0000000,0x00000006c152f1e0,0x00000006cfe80000)
 Metaspace       used 15920K, capacity 16094K, committed 16256K, reserved 1062912K
  class space    used 2117K, capacity 2154K, committed 2176K, reserved 1048576K
}

