# JRE version: Java(TM) SE Runtime Environment (8.0_45-b14) (build 1.8.0_45-b14)
# Java VM: Java HotSpot(TM) 64-Bit Server VM (25.45-b02 mixed mode bsd-amd64 compressed oops)
Heap:
 PSYoungGen      total 155648K, used 104301K [0x0000000795580000, 0x000000079fc00000, 0x00000007c0000000)
  eden space 142848K, 68% used [0x0000000795580000,0x000000079b4b42f0,0x000000079e100000)
  from space 12800K, 53% used [0x000000079ef80000,0x000000079f627390,0x000000079fc00000)
  to   space 13824K, 0% used [0x000000079e100000,0x000000079e100000,0x000000079ee80000)
 ParOldGen       total 78336K, used 62790K [0x0000000740000000, 0x0000000744c80000, 0x0000000795580000)
  object space 78336K, 80% used [0x0000000740000000,0x0000000743d51898,0x0000000744c80000)
 Metaspace       used 19716K, capacity 19996K, committed 20224K, reserved 1067008K
  class space    used 2457K, capacity 2543K, committed 2560K, reserved 1048576K
GC Heap History (10 events):
Event: 190.581 GC heap before
{Heap before GC invocations=73 (full 3):
 PSYoungGen      total 94208K, used 94188K [0x0000000795580000, 0x000000079d180000, 0x00000007c0000000)
  eden space 85504K, 100% used [0x0000000795580000,0x000000079a900000,0x000000079a900000)
  from space 8704K, 99% used [0x000000079a900000,0x000000079b17b160,0x000000079b180000)
  to   space 12288K, 0% used [0x000000079c580000,0x000000079c580000,0x000000079d180000)
 ParOldGen       total 78336K, used 44282K [0x0000000740000000, 0x0000000744c80000, 0x0000000795580000)
  object space 78336K, 56% used [0x0000000740000000,0x0000000742b3e988,0x0000000744c80000)
 Metaspace       used 19426K, capacity 19708K, committed 19968K, reserved 1067008K
  class space    used 2408K, capacity 2511K, committed 2560K, reserved 1048576K
Event: 190.584 GC heap after
Heap after GC invocations=73 (full 3):
 PSYoungGen      total 113664K, used 5290K [0x0000000795580000, 0x000000079d080000, 0x00000007c0000000)
  eden space 102400K, 0% used [0x0000000795580000,0x0000000795580000,0x000000079b980000)
  from space 11264K, 46% used [0x000000079c580000,0x000000079caaa940,0x000000079d080000)
  to   space 11776K, 0% used [0x000000079b980000,0x000000079b980000,0x000000079c500000)
 ParOldGen       total 78336K, used 48229K [0x0000000740000000, 0x0000000744c80000, 0x0000000795580000)
  object space 78336K, 61% used [0x0000000740000000,0x0000000742f196d0,0x0000000744c80000)
 Metaspace       used 19426K, capacity 19708K, committed 19968K, reserved 1067008K
  class space    used 2408K, capacity 2511K, committed 2560K, reserved 1048576K
}
Event: 191.372 GC heap before
{Heap before GC invocations=74 (full 3):
 PSYoungGen      total 113664K, used 107690K [0x0000000795580000, 0x000000079d080000, 0x00000007c0000000)
  eden space 102400K, 100% used [0x0000000795580000,0x000000079b980000,0x000000079b980000)
  from space 11264K, 46% used [0x000000079c580000,0x000000079caaa940,0x000000079d080000)
  to   space 11776K, 0% used [0x000000079b980000,0x000000079b980000,0x000000079c500000)
 ParOldGen       total 78336K, used 49848K [0x0000000740000000, 0x0000000744c80000, 0x0000000795580000)
  object space 78336K, 63% used [0x0000000740000000,0x00000007430ae3f0,0x0000000744c80000)
 Metaspace       used 19429K, capacity 19708K, committed 19968K, reserved 1067008K
  class space    used 2408K, capacity 2511K, committed 2560K, reserved 1048576K
Event: 191.378 GC heap after
Heap after GC invocations=74 (full 3):
 PSYoungGen      total 114176K, used 10730K [0x0000000795580000, 0x000000079e680000, 0x00000007c0000000)
  eden space 102400K, 0% used [0x0000000795580000,0x0000000795580000,0x000000079b980000)
  from space 11776K, 91% used [0x000000079b980000,0x000000079c3fa988,0x000000079c500000)
  to   space 13312K, 0% used [0x000000079d980000,0x000000079d980000,0x000000079e680000)
 ParOldGen       total 78336K, used 53182K [0x0000000740000000, 0x0000000744c80000, 0x0000000795580000)
  object space 78336K, 67% used [0x0000000740000000,0x00000007433ef9e0,0x0000000744c80000)
 Metaspace       used 19429K, capacity 19708K, committed 19968K, reserved 1067008K
  class space    used 2408K, capacity 2511K, committed 2560K, reserved 1048576K
}
Event: 192.012 GC heap before
{Heap before GC invocations=75 (full 3):
 PSYoungGen      total 114176K, used 113130K [0x0000000795580000, 0x000000079e680000, 0x00000007c0000000)
  eden space 102400K, 100% used [0x0000000795580000,0x000000079b980000,0x000000079b980000)
  from space 11776K, 91% used [0x000000079b980000,0x000000079c3fa988,0x000000079c500000)
  to   space 13312K, 0% used [0x000000079d980000,0x000000079d980000,0x000000079e680000)
 ParOldGen       total 78336K, used 53183K [0x0000000740000000, 0x0000000744c80000, 0x0000000795580000)
  object space 78336K, 67% used [0x0000000740000000,0x00000007433effb0,0x0000000744c80000)
 Metaspace       used 19429K, capacity 19708K, committed 19968K, reserved 1067008K
  class space    used 2408K, capacity 2511K, committed 2560K, reserved 1048576K
Event: 192.016 GC heap after
Heap after GC invocations=75 (full 3):
 PSYoungGen      total 133120K, used 5909K [0x0000000795580000, 0x000000079e500000, 0x00000007c0000000)
  eden space 121344K, 0% used [0x0000000795580000,0x0000000795580000,0x000000079cc00000)
  from space 11776K, 50% used [0x000000079d980000,0x000000079df45610,0x000000079e500000)
  to   space 12800K, 0% used [0x000000079cc00000,0x000000079cc00000,0x000000079d880000)
 ParOldGen       total 78336K, used 55891K [0x0000000740000000, 0x0000000744c80000, 0x0000000795580000)
  object space 78336K, 71% used [0x0000000740000000,0x0000000743694ce0,0x0000000744c80000)
 Metaspace       used 19429K, capacity 19708K, committed 19968K, reserved 1067008K
  class space    used 2408K, capacity 2511K, committed 2560K, reserved 1048576K
}
Event: 243.421 GC heap before
{Heap before GC invocations=76 (full 3):
 PSYoungGen      total 133120K, used 127253K [0x0000000795580000, 0x000000079e500000, 0x00000007c0000000)
  eden space 121344K, 100% used [0x0000000795580000,0x000000079cc00000,0x000000079cc00000)
  from space 11776K, 50% used [0x000000079d980000,0x000000079df45610,0x000000079e500000)
  to   space 12800K, 0% used [0x000000079cc00000,0x000000079cc00000,0x000000079d880000)
 ParOldGen       total 78336K, used 57538K [0x0000000740000000, 0x0000000744c80000, 0x0000000795580000)
  object space 78336K, 73% used [0x0000000740000000,0x0000000743830950,0x0000000744c80000)
 Metaspace       used 19486K, capacity 19772K, committed 19968K, reserved 1067008K
  class space    used 2408K, capacity 2511K, committed 2560K, reserved 1048576K
Event: 243.428 GC heap after
Heap after GC invocations=76 (full 3):
 PSYoungGen      total 134144K, used 12402K [0x0000000795580000, 0x000000079fd80000, 0x00000007c0000000)
  eden space 121344K, 0% used [0x0000000795580000,0x0000000795580000,0x000000079cc00000)
  from space 12800K, 96% used [0x000000079cc00000,0x000000079d81c998,0x000000079d880000)
  to   space 14336K, 0% used [0x000000079ef80000,0x000000079ef80000,0x000000079fd80000)
 ParOldGen       total 78336K, used 61060K [0x0000000740000000, 0x0000000744c80000, 0x0000000795580000)
  object space 78336K, 77% used [0x0000000740000000,0x0000000743ba11b0,0x0000000744c80000)
 Metaspace       used 19486K, capacity 19772K, committed 19968K, reserved 1067008K
  class space    used 2408K, capacity 2511K, committed 2560K, reserved 1048576K
}
Event: 244.167 GC heap before
{Heap before GC invocations=77 (full 3):
 PSYoungGen      total 134144K, used 133746K [0x0000000795580000, 0x000000079fd80000, 0x00000007c0000000)
  eden space 121344K, 100% used [0x0000000795580000,0x000000079cc00000,0x000000079cc00000)
  from space 12800K, 96% used [0x000000079cc00000,0x000000079d81c998,0x000000079d880000)
  to   space 14336K, 0% used [0x000000079ef80000,0x000000079ef80000,0x000000079fd80000)
 ParOldGen       total 78336K, used 61152K [0x0000000740000000, 0x0000000744c80000, 0x0000000795580000)
  object space 78336K, 78% used [0x0000000740000000,0x0000000743bb8248,0x0000000744c80000)
 Metaspace       used 19486K, capacity 19772K, committed 19968K, reserved 1067008K
  class space    used 2408K, capacity 2511K, committed 2560K, reserved 1048576K
Event: 244.171 GC heap after
Heap after GC invocations=77 (full 3):
 PSYoungGen      total 155648K, used 6812K [0x0000000795580000, 0x000000079fc00000, 0x00000007c0000000)
  eden space 142848K, 0% used [0x0000000795580000,0x0000000795580000,0x000000079e100000)
  from space 12800K, 53% used [0x000000079ef80000,0x000000079f627390,0x000000079fc00000)
  to   space 13824K, 0% used [0x000000079e100000,0x000000079e100000,0x000000079ee80000)
 ParOldGen       total 78336K, used 62790K [0x0000000740000000, 0x0000000744c80000, 0x0000000795580000)
  object space 78336K, 80% used [0x0000000740000000,0x0000000743d51898,0x0000000744c80000)
 Metaspace       used 19486K, capacity 19772K, committed 19968K, reserved 1067008K
  class space    used 2408K, capacity 2511K, committed 2560K, reserved 1048576K
}

